Determining if the pthread_create exist failed with the following output:
Change Dir: /homes/wm813/Desktop/cgcoursework2016/CMakeFiles/CMakeTmp

Run Build Command:/usr/bin/make "cmTryCompileExec1473136902/fast"
/usr/bin/make -f CMakeFiles/cmTryCompileExec1473136902.dir/build.make CMakeFiles/cmTryCompileExec1473136902.dir/build
make[1]: Entering directory `/homes/wm813/Desktop/cgcoursework2016/CMakeFiles/CMakeTmp'
/usr/bin/cmake -E cmake_progress_report /homes/wm813/Desktop/cgcoursework2016/CMakeFiles/CMakeTmp/CMakeFiles 1
Building C object CMakeFiles/cmTryCompileExec1473136902.dir/CheckSymbolExists.c.o
/usr/bin/cc    -o CMakeFiles/cmTryCompileExec1473136902.dir/CheckSymbolExists.c.o   -c /homes/wm813/Desktop/cgcoursework2016/CMakeFiles/CMakeTmp/CheckSymbolExists.c
Linking C executable cmTryCompileExec1473136902
/usr/bin/cmake -E cmake_link_script CMakeFiles/cmTryCompileExec1473136902.dir/link.txt --verbose=1
/usr/bin/cc       CMakeFiles/cmTryCompileExec1473136902.dir/CheckSymbolExists.c.o  -o cmTryCompileExec1473136902 -rdynamic 
CMakeFiles/cmTryCompileExec1473136902.dir/CheckSymbolExists.c.o: In function `main':
CheckSymbolExists.c:(.text+0x16): undefined reference to `pthread_create'
collect2: error: ld returned 1 exit status
make[1]: *** [cmTryCompileExec1473136902] Error 1
make[1]: Leaving directory `/homes/wm813/Desktop/cgcoursework2016/CMakeFiles/CMakeTmp'
make: *** [cmTryCompileExec1473136902/fast] Error 2

File /homes/wm813/Desktop/cgcoursework2016/CMakeFiles/CMakeTmp/CheckSymbolExists.c:
/* */
#include <pthread.h>

int main(int argc, char** argv)
{
  (void)argv;
#ifndef pthread_create
  return ((int*)(&pthread_create))[argc];
#else
  (void)argc;
  return 0;
#endif
}

Determining if the function pthread_create exists in the pthreads failed with the following output:
Change Dir: /homes/wm813/Desktop/cgcoursework2016/CMakeFiles/CMakeTmp

Run Build Command:/usr/bin/make "cmTryCompileExec3743362930/fast"
/usr/bin/make -f CMakeFiles/cmTryCompileExec3743362930.dir/build.make CMakeFiles/cmTryCompileExec3743362930.dir/build
make[1]: Entering directory `/homes/wm813/Desktop/cgcoursework2016/CMakeFiles/CMakeTmp'
/usr/bin/cmake -E cmake_progress_report /homes/wm813/Desktop/cgcoursework2016/CMakeFiles/CMakeTmp/CMakeFiles 1
Building C object CMakeFiles/cmTryCompileExec3743362930.dir/CheckFunctionExists.c.o
/usr/bin/cc   -DCHECK_FUNCTION_EXISTS=pthread_create   -o CMakeFiles/cmTryCompileExec3743362930.dir/CheckFunctionExists.c.o   -c /usr/share/cmake-2.8/Modules/CheckFunctionExists.c
Linking C executable cmTryCompileExec3743362930
/usr/bin/cmake -E cmake_link_script CMakeFiles/cmTryCompileExec3743362930.dir/link.txt --verbose=1
/usr/bin/cc   -DCHECK_FUNCTION_EXISTS=pthread_create    CMakeFiles/cmTryCompileExec3743362930.dir/CheckFunctionExists.c.o  -o cmTryCompileExec3743362930 -rdynamic -lpthreads 
/usr/bin/ld: cannot find -lpthreads
collect2: error: ld returned 1 exit status
make[1]: *** [cmTryCompileExec3743362930] Error 1
make[1]: Leaving directory `/homes/wm813/Desktop/cgcoursework2016/CMakeFiles/CMakeTmp'
make: *** [cmTryCompileExec3743362930/fast] Error 2


